[17/5/2021 20:5:31] !rank magic
[17/5/2021 20:5:38] !rank magic
[17/5/2021 20:13:52] !rank magic 
[17/5/2021 20:15:37] !autoloot gold
[17/5/2021 20:15:45] !autoloot add, magic plate armor
[17/5/2021 20:15:55] !autoloot add, mastermind shield
[17/5/2021 20:16:0] !autoloot power
[17/5/2021 20:16:5] !autoloot power
[17/5/2021 20:18:53] !bless
[17/5/2021 20:20:25] !autoloot power
[17/5/2021 20:20:27] !autoloot power
[17/5/2021 20:20:29] !autoloot power
[17/5/2021 20:20:30] !autoloot power
[17/5/2021 20:20:33] !autoloot power
[17/5/2021 20:20:38] !bp
[17/5/2021 20:20:41] !bp
[17/5/2021 20:20:57] !bp
[17/5/2021 20:22:56] !bp
[17/5/2021 20:22:58] !bp
[17/5/2021 20:23:2] !bp
