[17/5/2021 18:34:42] /t
[17/5/2021 18:37:51] /goto Adm Wolf
[17/5/2021 18:49:9] /ghost
[17/5/2021 18:59:6] /goto ADm wolf
[17/5/2021 19:19:26] /bc red GALERA O SISTEMA DE EXP NO PVP SO FUNCIONA APARTIR DO LV 350
[17/5/2021 19:19:40] /bc red GALERA O SISTEMA DE EXP NO PVP SO FUNCIONA APARTIR DO LV 350
[17/5/2021 19:19:47] /bc red GALERA O SISTEMA DE EXP NO PVP SO FUNCIONA APARTIR DO LV 350
[17/5/2021 19:20:49] /bc white GALERA O SISTEMA DE EXP NO PVP SO FUNCIONA APARTIR DO LV 350
[17/5/2021 19:21:5] /bc white GALERA O SISTEMA DE EXP NO PVP SO FUNCIONA APARTIR DO LV 350
[17/5/2021 19:21:22] /bc white GALERA O SISTEMA DE EXP NO PVP SO FUNCIONA APARTIR DO LV 350
[17/5/2021 20:4:39] !online
[17/5/2021 20:11:54] /bc green O DASH MELHOROU GLR?
[17/5/2021 20:18:29] !online
[17/5/2021 20:22:0] !online
[17/5/2021 20:27:44] !online
[17/5/2021 20:27:52] /ghost
[18/5/2021 20:36:56] /goto ADM wolf
[18/5/2021 20:54:56] /goto ADM wolf
[19/5/2021 21:16:34] /a 3
[19/5/2021 21:16:38] /a 25
[19/5/2021 21:16:41] /a 5
[19/5/2021 21:16:43] /a 5
[19/5/2021 21:17:15] /a 5
[19/5/2021 21:17:19] /a 3
[19/5/2021 21:17:22] /a 5
[20/5/2021 20:43:47] /b GALERA SE TIVEREM ALGUM RECADO PRO ADM MANDA NO HELP VO TENTA FALAR COM ELE
[20/5/2021 20:44:14] /b GALERA SE TIVEREM ALGUM RECADO PRO ADM MANDA NO HELP VO TENTA FALAR COM ELE -ALGUMA IDEIA OU ALGUMA COISA QUE PRECISE ARRUMAR
[20/5/2021 20:44:46] /b GALERA SE TIVEREM ALGUM RECADO PRO ADM MANDA NO HELP VO TENTA FALAR COM ELE -ALGUMA IDEIA OU ALGUMA COISA QUE PRECISE ARRUMAR
[20/5/2021 20:47:54] /b GALERA SE TIVEREM ALGUM RECADO PRO ADM MANDA NO HELP VO TENTA FALAR COM ELE -ALGUMA IDEIA OU ALGUMA COISA QUE PRECISE ARRUMAR
[20/5/2021 20:58:18] /t
[20/5/2021 21:2:42] /ghost
[20/5/2021 21:3:41] /clean
[20/5/2021 21:43:30] /ghost
[20/5/2021 21:44:37] /ghost
[20/5/2021 21:50:34] /goto ADM Insanity
[20/5/2021 22:12:8] /t
[20/5/2021 22:15:36] /goto SGM Suporte
[20/5/2021 22:28:2] /t
[20/5/2021 22:31:55] /ghost
[20/5/2021 22:35:10] /ghost
